File:        require.php (Line: 29)
Description: Could not select database (sitedb).
Error:       could not find driver
Time:        Tuesday, 11 February 2014, at 12:26:46:000000 PM
--------------------------------
File:        require.php (Line: 29)
Description: Could not select database (sitedb).
Error:       could not find driver
Time:        Tuesday, 11 February 2014, at 12:31:34:000000 PM
--------------------------------
File:        require.php (Line: 29)
Description: Could not select database (sitedb).
Error:       could not find driver
Time:        Tuesday, 11 February 2014, at 12:33:36:000000 PM
--------------------------------
File:        require.php (Line: 29)
Description: Could not select database (sitedb).
Error:       could not find driver
Time:        Tuesday, 11 February 2014, at 12:37:46:000000 PM
--------------------------------
File:        require.php (Line: 29)
Description: Could not select database (sitedb).
Error:       could not find driver
Time:        Tuesday, 11 February 2014, at 12:39:21:000000 PM
--------------------------------
File:        require.php (Line: 29)
Description: Could not select database (sitedb).
Error:       could not find driver
Time:        Tuesday, 11 February 2014, at 12:39:37:000000 PM
--------------------------------
File:        require.php (Line: 29)
Description: Could not select database (sitedb).
Error:       could not find driver
Time:        Tuesday, 11 February 2014, at 12:46:21:000000 PM
--------------------------------
File:        require.php (Line: 29)
Description: Could not select database (sitedb).
Error:       could not find driver
Time:        Tuesday, 11 February 2014, at 12:46:29:000000 PM
--------------------------------
File:        require.php (Line: 29)
Description: Could not select database (sitedb).
Error:       could not find driver
Time:        Tuesday, 11 February 2014, at 12:47:10:000000 PM
--------------------------------
File:        require.php (Line: 29)
Description: Could not select database (sitedb).
Error:       could not find driver
Time:        Tuesday, 11 February 2014, at 12:49:51:000000 PM
--------------------------------
File:        require.php (Line: 29)
Description: Could not select database (sitedb).
Error:       could not find driver
Time:        Tuesday, 11 February 2014, at 12:58:04:000000 PM
--------------------------------
File:        require.php (Line: 29)
Description: Could not select database (sitedb).
Error:       could not find driver
Time:        Tuesday, 11 February 2014, at 12:58:19:000000 PM
--------------------------------
File:        require.php (Line: 29)
Description: Could not select database (sitedb).
Error:       could not find driver
Time:        Tuesday, 11 February 2014, at 1:03:39:000000 PM
--------------------------------
File:        require.php (Line: 29)
Description: Could not select database (sitedb).
Error:       could not find driver
Time:        Tuesday, 11 February 2014, at 1:04:17:000000 PM
--------------------------------
File:        require.php (Line: 29)
Description: Could not select database (sitedb).
Error:       could not find driver
Time:        Tuesday, 11 February 2014, at 1:05:31:000000 PM
--------------------------------
File:        require.php (Line: 29)
Description: Could not select database (sitedb).
Error:       could not find driver
Time:        Tuesday, 11 February 2014, at 1:06:45:000000 PM
--------------------------------
File:        require.php (Line: 29)
Description: Could not select database (sitedb).
Error:       could not find driver
Time:        Tuesday, 11 February 2014, at 1:07:27:000000 PM
--------------------------------
File:        require.php (Line: 29)
Description: Could not select database (sitedb).
Error:       could not find driver
Time:        Tuesday, 11 February 2014, at 1:09:01:000000 PM
--------------------------------
File:        require.php (Line: 29)
Description: Could not select database (sitedb).
Error:       could not find driver
Time:        Tuesday, 11 February 2014, at 1:09:12:000000 PM
--------------------------------
File:        require.php (Line: 29)
Description: Could not select database (sitedb).
Error:       could not find driver
Time:        Tuesday, 11 February 2014, at 1:10:49:000000 PM
--------------------------------
File:        require.php (Line: 29)
Description: Could not select database (sitedb).
Error:       could not find driver
Time:        Tuesday, 11 February 2014, at 1:11:03:000000 PM
--------------------------------
File:        require.php (Line: 29)
Description: Could not select database (sitedb).
Error:       could not find driver
Time:        Tuesday, 11 February 2014, at 1:11:09:000000 PM
--------------------------------
File:        require.php (Line: 29)
Description: Could not select database (sitedb).
Error:       could not find driver
Time:        Tuesday, 11 February 2014, at 1:57:55:000000 PM
--------------------------------
File:        require.php (Line: 29)
Description: Could not select database (sitedb).
Error:       could not find driver
Time:        Tuesday, 11 February 2014, at 2:07:09:000000 PM
--------------------------------
